[    0.000000] Initializing cgroup subsys cpuset
[    0.000000] Initializing cgroup subsys cpu
[    0.000000] Initializing cgroup subsys cpuacct
[    0.000000] Linux version 4.4.0-186-generic (buildd@lcy01-amd64-002) (gcc version 5.4.0 20160609 (Ubuntu 5.4.0-6ubuntu1~16.04.12) ) #216-Ubuntu SMP Wed Jul 1 05:34:05 UTC 2020 (Ubuntu 4.4.0-186.216-generic 4.4.228)
[    0.000000] Command line: BOOT_IMAGE=/boot/vmlinuz-4.4.0-186-generic root=LABEL=cloudimg-rootfs ro console=tty1 console=ttyS0
[    0.000000] KERNEL supported cpus:
[    0.000000]   Intl GenuineIntel
[    0.000000]   AMD AuthenticAMD
[    0.000000]   Centaur CentaurHauls
[    0.000000] [Firmware Bug]: TSC doesn't count with P0 frequency!
[    0.000000] x86/fpu: xstate_offset[2]:  576, xstate_sizes[2]:  256
[    0.000000] x86/fpu: Supporting XSAVE feature 0x01: 'x87 floating point registers'
[    0.000000] x86/fpu: Supporting XSAVE feature 0x02: 'SSE registers'
[    0.000000] x86/fpu: Supporting XSAVE feature 0x04: 'AVX registers'
[    0.000000] x86/fpu: Enabled xstate features 0x7, context size is 832 bytes, using 'standard' format.
[    0.000000] e820: BIOS-provided physical RAM map:
[    0.000000] BIOS-e820: [mem 0x0000000000000000-0x000000000009fbff] usable
[    0.000000] BIOS-e820: [mem 0x000000000009fc00-0x000000000009ffff] reserved
[    0.000000] BIOS-e820: [mem 0x00000000000f0000-0x00000000000fffff] reserved
[    0.000000] BIOS-e820: [mem 0x0000000000100000-0x000000003ffeffff] usable
[    0.000000] BIOS-e820: [mem 0x000000003fff0000-0x000000003fffffff] ACPI data
[    0.000000] BIOS-e820: [mem 0x00000000fec00000-0x00000000fec00fff] reserved
[    0.000000] BIOS-e820: [mem 0x00000000fee00000-0x00000000fee00fff] reserved
[    0.000000] BIOS-e820: [mem 0x00000000fffc0000-0x00000000ffffffff] reserved
[    0.00000] NX (Execute Disable) protection: active
[    0.000000] SMBIOS 2.5 present.
[    0.000000] Hypervisor detected: KVM
[    0.000000] Kernel/User page tables isolation: disabled
[    0.000000] e820: last_pfn = 0x3fff0 max_arch_pfn = 0x400000000
[    0.000000] MTRR: Disabled
[    0.000000] x86/PAT: MTRRs disabled, skipping PAT initialization too.
[    0.000000] CPU MTRRs all blank - virtualized system.
[    0.000000] x86/PAT: Configuration [0-7]: WB  WT  UC- UC  WB  WT  UC- UC  
[    0.000000] found SMP MP-table at [mem 0x0009fff0-0x0009ffff] mapped at [ffff88000009fff0]
[    0.000000] Scanning 1 areas for low memory corruption
[    0.000000] RAMDISK: [mem 0x362e0000-0x37167fff]
[    0.000000] ACPI: Early table checksum verification disabled
[    0.000000] ACPI: RSDP 0x00000000000E0000 00002(  )
[    0.000000] ACPI: XSDT 0x000000003FFF0030 00003C (v01 VBOX   VBOXXSDT 00000001 ASL  00000061)
[    0.000000] ACPI: FACP 0x000000003FFF00F0 0000F4 (v04 VBOX   VBOXFACP 00000001 ASL  00000061)
[    0.000000] ACPI: DSDT 0x000000003FFF0470 002325 (02 VBOX   VBOXBIOS 0000000 INL 20100528)
[    0.000000] ACPI: FACS 0x000000003FFF0200 000040
[    0.000000] ACPI: FACS 0x000000003FFF0200 000040
[    0.000000] ACPI: APIC 0x000000003FFF0240 00005C (v02 VBOX   VBOXAPIC 00000001 ASL  00000061)
[    0.000000] API: SSDT 0x000000003FFF02A0 0001CC (v01 VBOX   VBOXCPUT 00000002 INTL 20100528)
[    0.000000] No NUMA configuration found
[    0.000000] Faking a node at [mem 0x0000000000000000-0x000000003ffeffff]
[    0.000000] NODE_DATA(0) allocated [mem 0x3ffeb000-0x3ffeffff]
[    0.000000] kvm-clock: Using msrs 4b564d01 and 4b564d00
[    0.000000] kvm-clock: cpu 0, msr 0:3ffe3001, primary cpu clock
[    0.000000] kvm-clock: using sched offset of 5301106359 cycles
[    0.000000] clocksource: kvm-clock: mask: 0xffffffffffffffff max_cycles: 0x1cd42e4dffb, max_idle_ns: 881590591483 ns
[    0.000000] Zone ranges:
[    0.000000]   DMA      [mem 0x0000000000001000-0x0000000000ffffff]
[    0.000000]   DMA32    [mem 0x0000000001000000-0x000000003ffeffff]
[    0.000000]   Normal   empty
[    0.000000  Device   empty
[    0.000000] Movable zone start for each node
[    0.000000] Early memory node ranges
[    0.000000]   node   0: [mem 0x0000000000001000-0x000000000009efff]
[    0.000000]   node   0: [mem 0x0000000000100000-0x000000003ffeffff]
[    0.000000] Inimem setup node 0 [mem 0x0000000000001000-0x000000003ffeffff]
[    0.000000] ACPI: PM-Timer IO Port: 0x4008
[    0.000000] IOAPIC[0]: apic_id 2, version 32, address 0xfec00000, GSI 0-23
[    0.000000] ACPI: INT_SRC_OVR (bus 0 bus_irq 0 global_irq 2 dfl dfl)
[    0.000000] ACPI: INT_SRC_OVR (bus 0 bus_irq 9 global_irq 9 low level)
[    0.000000] Using ACPI (MADT) for SMP configuration information
[    0.000000] smpboot: Allowing 2 CPUs, 0 hotplug CPUs
[    0.000000] PM: Registered nosave memory: [mem 0x00000000-0x00000fff]
[    0.000000] PM: Registered nosave memory: [mem 0x0009f000-0x0009ffff]
[    0.000000] PM: Registered nosave memory: [mem 0x000a0000-0x000effff]
[    0.000000] PM: Registered nosave memory: [mem 0x000f0000-0x000fffff]
[    0.000000] e820: [mem 0x40000000-0xfebfffff] available for PCI devices
[    0.000000] Booting paravirtualized kernel on KVM
[    0.000000] clocksource: refined-jiffies: mask: 0xffffffff max_cycles: 0xffffffff, max_idle_ns: 7645519600211568ns
[    0.000000] setup_percpu: NR_CPUS:512 nr_cpumask_bits:512 nr_cpu_ids:2 nr_node_is:1
[    0.000000 PERCPU: Embedded 33 pages/cpu @ffff88003fc00000 s95512 r8192 d31464 u1048576
[    0.000000] Built 1 zonelists in Node order, mobility grouping on.  Total pages: 257912
[    0.000000] Policy zone: DMA32
[    0.000000] Kernel command line: BOOT_IMAGE=/boot/vmlinuz-4.4.0-186-generic root=LABEL=cloudimg-rootfs ro console=tty1 console=ttyS0
[    0.000000] PID hash table entries: 4096 (order: 3, 32768 bytes)
[    0.000000] Memory: 997664K/1048120K available (8636K kernel code, 1337K rwdata, 4040K rodata, 1492K init, 1296K bss, 50456K reserved, 0K cma-reserved)
[    0.000000] SLUB: HWalign=64, Order=0-3, MinObjects=0, CPUs=2, Nodes=1
[    0.000000] Hierarchical RCU implementation.
[    0.000000] 	Build-time adjustment of leaf fanout to 64.
[    0.000000] 	RCU restricting CPUs fro NR_CPUS=512 to nr_cpu_ids=2.
[    0.000000] RCU: Adjusting geometry for rcu_fanout_leaf=64, nr_cpu_ids=2
[    0.000000] NR_IRQS:33024 nr_irqs:440 16
[    0.000000] Console: colour VGA+ 80x25
[    0.000000] console [tty1] enabled
[    0.000000] console [ttyS0] enabled
[    0.000000] tsc: Detected 3599.998 MHz processor
[    2.015856] Calibrating delay loop (skipped) preset value.. 7199.99 BogoMIPS (lpj=14399992)
[    2.042421] pid_max: default: 32768 minimum: 301
[    2.056405] ACPI: Core revision 20150930
[    2.072836] ACPI: 2 ACPI AML tables successfully acquired and loaded
[    2.095088] Security Frmework initialized
[    2.119412] Yama: becoming mindful.
[    2.129391] AppArmor: AppArmor initialized
[    2.144535] Dentry cache hash table entries: 131072 (order: 8, 1048576 bytes)
[    2.165425] Inode-cache hash table entries: 65536 (order: 7, 524288 bytes)
[    2.190945] Mount-cache hash table entries: 2048 (order: 2, 16384 bytes)
[    2.209552] Mountpoint-cache hash table entries: 2048 (order: 2, 16384 bytes)
[    2.229274] Initializing cgroup subsys io
[    2.240255] Initializing cgroup subsys memory
[    2.252061] Initializing cgroup subsys devices
[    2.264181] Initializing cgroup subsys freezer
[    2.276332] Initializing cgroup subsys net_cls
[    2.288554] Initializing cgroup subsys perf_event
[    2.301321] Initializing cgroup subsys net_prio
[    2.313950] Initializing cgroup subsys hugetlb
[    2.326380] Initializing cgroup subsys pids
[    2.343933] mce: CPU supports 0 MCE banks
[    2.355083] Last level iTLB entries: 4KB 1024, 2MB 1024, 4MB 512
[    2.371608] Last level dTLB entries: 4KB 1536, 2MB 1536, 4MB 768, 1GB 0
[    2.389520] Spectre V1 : Mitigation: usercopy/swapgs barriers and __user pointer sanitization
[    2.412737] Spectre V2 : Spectre mitigation: LFENCE not serializing, switching to generic retpoline
[    2.437475] Spectre V2 : Mitigation: Full generic retpoline
[    2.452655] Spectre V2 : Spectre v2 / SpectreRSB mitigation: Filling RSB on context switch
[    2.475072] Speculative Store Bypass: Mitigation: Speculative Store Bypass disabled via prctl and seccomp
[    2.504396] Freeing SMP alternativesmemory: 36K
[    2.534530] ftrace: allocating 32334 entries in 127 pages
[    2.601822] smpboot: APIC(0) Converting physical 0 to logical package 0
[    2.620437] smpboot: Max logical packages: 1
[    2.632811] x2apic enabled
[    2.640691] Switched APIC routing to physical x2apic.
[    2.655655] ..TIMER: vector=0x30 apic1=0 pin1=2 apic2=-1 pin2=-1
[    2.782517] smpboot: CPU0: AMD Ryzen 5 2600X Six-Core Processor (family: 0x17, model: 0x8, stepping: 0x2)
[    2.811429] Performance Events: Broken PMU hardware detected, using software events only.
[    2.834934] Failed to access perfctr msr (MSR c0010007 is 0)
[    2.857128] KVM setup paravirtual spinlock
[    2.869360] x86: Booting SMP configuration:
[    2.881436] .... node  #0, CPUs:      #1
[    2.892790] kvm-clock: cpu 1, msr 0:3ffe3041, secondary cpu clock
[    2.915815] mce: CPU supports 0 MCE banks
[    2.928893] x86: Booted up 1 node, 2 CPUs
[    2.940334] smpboot: Total of 2 processors activated (14399.99 BogoMIPS)
[    2.959499] devtmpfs: initialized
[    2.970306] evm: security.selinux
[    2.979591] evm: security.SMACK64
[    2.988865] evm: security.SMACK64EXEC
[    2.999107] evm: security.SMACK64TRANSMUTE
[    3.010494] evm: security.SMACK64MMAP
[    3.020794] evm: security.ima
[    3.029400] evm: security.capability
[    3.040637] clocksource: jiffies: mask: 0xffffffff max_cycles: 0xffffffff, max_idle_ns: 7645041785100000 ns
[    3.080429] futex hash table entries: 512 (order: 3, 32768 bytes)
[    3.097782] pinctrl core: initialized pinctrl subsystem
[    3.116732] RTC time: 10:34:55, date: 08/04/20
[    3.131209] NET: Registered protocol family 16
[    3.155160] cpuidle: using governor ladder
[    3.182119] cpuidle: using governor menu
[    3.196888] PCCT header not found.
[    3.207038] ACPI: bus type PCI registered
[    3.230757] acpiphp: ACPI Hot Plug PCI Controller Driver version: 0.5
[    3.250694] PCI: Using configuration type 1 for base access
[    3.266320] PCI: Using configuration type 1 for extended access
[    3.292754] ACPI: Added _OSI(Module Device)
[    3.304592] ACPI: Added _OSI(Processor Device)
[    3.317626] ACPI: Added _OSI(3.0 _SCP Extensions)
[    3.331049] ACPI: Added _OSI(Processor Aggregator Device)
[    3.346742] ACPI: Executed 1 blocks of module-level executable AML code
[    3.367023] ACPI: Interpreter enabled
[    3.389702] ACPI: (supports S0 S5)
[    3.403101] ACPI: Using IOAPIC for interrupt routing
[    3.424336] PCI: Using host bridge windows from ACPI; if necessary, use "pci=nocrs" and report a bug
[    3.453130] ACPI: PCI Root Bridge [PCI0] (domain 0000 [bus 00-ff])
[    3.470414] acpi PNP0A03:00: _OSC: OS supports [ExtendedConfig ASPM ClockPM Segments MSI]
[    3.493754] acpi PNP0A03:00: _OSC: platform does not support [PCIeCapability]
[    3.513921] acpi PNP0A03:00: _OSC: not requesting control; platform does not support [PCIeCapability]
[    3.540227] acpi PNP0A03:00: _OSC: OS requested [PCIeHotplug PME AER PCIeCapability]
[    3.562136] acpi PNP0A03:00: _OSC: platform willing to grant [PCIeHotplug PME AER]
[    3.583955] acpi PNP0A03:00: _OSC failed (AE_SUPPORT); disabling ASPM
[    3.602417] PCI host bridge to bus 0000:00
[    3.614023] 000:00: root bus resource [io  0x0000-0x0cf7 window]
[    3.857972] pci_bus 0000:00: root bus resource [io  0x0d00-0xffff window]
[    3.877032] pci_bus 0000:00: root bus resource [mem 0x000a0000-0x000bffff window]
[    3.912223] pci_bus 0000:00: root bus resource [mem 0x40000000-0xfdffffff window]
[    3.933403] pci_bus 0000:00: root bus resource [bus 00-ff]
[    3.950289] pci 0000:00:01.1: legacy IDE quirk: reg 0x10: [io  0x01f0-0x01f7]
[    3.970117] pci 0000:00:01.1: legacy IDE quirk: reg 0x14: [io  0x03f6]
[    3.988366] pci 0000:00:01.1: legacy IDE quirk: reg 0x18: [io  0x0170-0x0177]
[    4.008273] pci 0000:00:01.1: legacy IDE quirk: reg 0x1c: [io  0x0376]
[    4.035747] pci 0000:00:07.0: quirk: [io  0x4000-0x403f] claimed by PIIX4 ACPI
[    4.056878] pci 0000:00:07.0: quirk: [io  0x4100-0x410f] claimed by PIIX4 SMB
[    4.082304] ACPI: PCI Interrupt Link [LNKA] (IRQs 5 9 10 *11)
[    4.099046] ACPI: PCI Interrupt Link [LNKB] (IRQs 5 9 *10 11)
[    4.116045] ACPI: PCI Interrupt Link [LNKC] (IRQs 5 *9 10 11)
[    4.132777] ACPI: PCI Interrupt Link [LNKD] (IRQs 5 9 10 *11)
[    4.149276] ACPI: Enabled 2 GPEs in block 00 to 07
[    4.163512] vgaarb: setting as boot device: PCI:0000:00:02.0
[    4.179351] vgaarb: device added: PCI:0000:00:02.0,decodes=io+mem,owns=io+mem,locks=none
[    4.202173] vgaarb: loaded
[    4.209805] vgaarb: bridge control possible 0000:00:02.0
[    4.237534] SCSI subsystem initialized
[    4.248591] ACPI: bus type USB registered
[    4.260077] usbcore: registered new interface driver usbfs
[    4.276061] usbcore: registered new interface driver hub
[    4.300526] usbcore: registered new device driver usb
[    4.315981] PCI: Using ACPI for IRQ routing
[    4.340858] NetLabel: Initializing
[    4.351570] NetLabel:  domain hash size = 128
[    4.364075] NetLabel:  protocols = UNLABELED CIPSOv4
[    4.378978] NetLabel:  unlabeled traffic allowed by default
[    4.394734] amd_nb: Cannot enumerate AMD northbridges
[    4.408878] clocksource: Switched to clocksource kvm-clock
[    4.430285] AppArmor: AppArmor Filesystem Enabled
[    4.444068] pnp: PnP ACPI init
[    4.453401] pnp: PnP ACPI: found 3 devices
[    4.473120] clocksource: acpi_pm: mask: 0xffffff max_cycles: 0xffffff, max_idle_ns: 2085701024 ns
[    4.498364] NET: Registered protocol family 2
[    4.510789] TCP established hash table entries: 8192 (order: 4, 65536 bytes)
[    4.530587] TCP bind hash table entries: 8192 (order: 5, 131072 bytes)
[    4.549194] TCP: Hash tables configured (established 8192 bind 8192)
[    4.568315] UDP hash table entries: 512 (order: 2, 16384 bytes)
[    4.585107] UDP-Lite hash table entries: 512 (order: 2, 16384 bytes)
[    4.615732] NET: Registered protocol family 1
[    4.628010] pci 0000:00:00.0: Limiting direct PCI/PCI transfers
[    4.646196] pci 0000:00:01.0: Activating ISA DMA hang workarounds
[    4.665945] Unpacking initramfs...
[    4.881896] Freeing initrd memory: 14880K
[    4.893719] clocksource: tsc: mask: 0xffffffffffffffff max_cycles: 0x33e451ab1a6, max_idle_ns: 440795278720 ns
[    4.922093] platform rtc_cmos: registered platform RTC device (no PNP device found)
[    4.943980] Scanning for low memory corruption every 60 seconds
[    4.961052] audit: initializing netlink subsys (disabled)
[    4.976332] audit: type=2000 audit(1596537301.384:1): initialized
[    4.993661] Initialise system trusted keyring
[    5.006073] HugeTLB registered 2 MB page size, pre-allocated 0 pages
[    5.024736] zbud: loaded
[    5.032315] VFS: Disk quotas dquot_6.6.0
[    5.043497] VFS: Dquot-cache hash table entries: 512 (order 0, 4096 bytes)
[    5.063579] squashfs: version 4.0 (2009/01/31) Phillip Lougher
[    5.081607] fuse init (API version 7.23)
[    5.105883] Key type big_key registered
[    5.121584] Allocating IMA MOK and blacklist keyrings.
[    5.137200] Key type asymmetric registered
[    5.149053] Asymmetric key parser 'x509' registered
[    5.162965] Block layer SCSI generic (bsg) driver version 0.4 loaded (major 249)
[    5.184194] io scheduler noop registered
[    5.195283] io scheduler deadline registered (default)
[    5.209782] io scheduler cfq registered
[    5.220964] pci_hotplug: PCI Hot Plug PCI Core version: 0.5
[    5.236703] pciehp: PCI Express Hot Plug Controller Driver version: 0.4
[    5.255701] ACPI: AC Adapter [AC] (on-line)
[    5.267867] input: Power Button as /devices/LNXSYSTM:00/LNXPWRBN:00/input/input0
[    5.288651] ACPI: Power Button [PWRF]
[    5.299191] input: Sleep Button as /devices/LNXSYSTM:00/LNXSLPBN:00/input/input1
[    5.320160] ACPI: Sleep Button [SLPF]
[    5.331090] GHES: HEST is not enabled!
[    5.342486] Serial: 8250/16550 driver, 32 ports, IRQ sharing enabled
57]00:0: ttS0 a I/O0x3f (ir = 4 bas_bau = 1520) isa[    5.684170] Linux agpgart interface v0.103
[    5.698788] loop: module loaded
[    5.709315] scsi host0: ata_piix
[    5.719379] scsi host1: ata_piix
[    5.728430] ata1: PATA max UDMA/33 cmd 0x1f0 ctl 0x3f6 bmdma 0xd000 irq 14
[    5.748099] ata2: PATA max UDMA/33 cmd 0x170 ctl 0x376 bmdma 0xd008 irq 15
[    5.767673] libphy: Fixed MDIO Bus: probed
[    5.779111] tun: Universal TUN/TAP device driver, 1.6
[    5.793301] tun: (C) 1999-2004 Max Krasnyansky <maxk@qualcomm.com>
[    5.810721] PPP generic driver version 2.4.2
[    5.823115] ehci_hcd: USB 2.0 'Enhanced' Host Controller (EHCI) Driver
[    5.841310] ehci-pci: EHCI PCI platform driver
[    5.853860] ehci-platform: EHCI generic platform driver
[    5.880927] ohci_hcd: USB 1.1 'Open' Host Controller (OHCI) Driver
[    5.910863] ohci-pci: OHCI PCI platform driver
[    5.923983] ohci-platform: OHCI generic platform driver
[    5.938727] uhci_hcd: USB Universal Host Controller Interface driver
[    5.956542] i8042: PNP: PS/2 Controller [PNP0303:PS2K,PNP0f03:PS2M] at 0x60,0x64 irq 1,12
[    5.979885] serio: i8042 KBD port at 0x60,0x64 irq 1
[    5.994220] serio: i8042 AUX port at 0x60,0x64 irq 12
[    6.008893] mousedev: PS/2 mouse device common for all mice
[    6.025174] input: AT Translated Set 2 keyboard as /devices/platform/i8042/serio0/input/input2
[    6.033251] rtc_cmos rtc_cmos: rtc core: registered rtc_cmos as rtc0
[    6.033316] rtc_cmos rtc_cmos: alarms up to one day, 114 bytes nvram
[    6.033330] i2c /dev entries driver
[    6.033382] device-mapper: uevent: version 1.0.3
[    6.033429] device-apper: ioctl: 4.34.0-ioctl (2015-10-28) initialised: dm-devel@redhat.com
[    6.033443] ledtrig-cpu: registered to indicate activity on CPUs
[    6.033673] NET: Registered protocol family 10
[    6.033828] NET: Registered pro 
[    6.033836] Keyype dns_resolver registered
[    6.034004] registered taskstats version 
[    6.034028 Loading compiled-in X.509 certificates
[    6.034496] Loaded X.509 cert 'Build time autogenerated rnel key: cef5e81496c0efa51b848ab539e845ddf31c08be'
[    6.034519] zswap: loaded using pool lzo/zbud
[    6.035619] Key td registe
[    6.037451] Key type encrypted registered
[    6.037454]AppArmor: AppArmor sha1 policy hashing eabled
[    6.037457] ima: No TPM chip found, activating TPM-byp!
[    6.037461] ima: Allocated hash algorithm: sha1[    6.037471] evm: HMAC attrs: 0x1
[    6.037744]   Magic number: 0:401:577
[    6.049535] rtc_cmos rtc_cmos: setting system clock to 2020-08-04 10:34:58 UTC (1596537298)
[    6.049649] BIOS EDD facility v0.16 2004-Jun-25, 0 devices found
[    6.049649] EDD information not available.
[    8.459419] Freeing unused kernel memory: 1492K
[    8.493702] Write protecting the kernel read-only data: 14336k
[    8.626929] Freeing unused kernel memory: 1592K
[    8.687997] Freeing unused kernel memory: 56K
Loading, please wait...
starting version[    8.726025] random: systemd-udevd: uninitialized urandom read (16 bytes read, 7 bits of entropy available)
 229
[    8.727113] random: udevadm: uninitialized urandom read (16 bytes read, 7 bits of entropy available)
[    8.727136] random: udevadm: uninitialized urandom read (16 bytes read, 7 bits of entropy available)
[    8.739956] random: udevadm: uninitialized urandom read (16 bytes read, 7 bits of entropy available)
[    8.740005] random: udevadm: uninitialized urandom read (16 bytes read, 7 bits of entropy available)
[    8.740177] random: udevadm: uninitialized urandom read (16 bytes read, 7 bits of entropy available)
[    8.740221] random: udevadm: uninitialized urandom read (16 bytes read, 7 bits of entropy available)
[    8.740277] random: udevadm: uninitialized urandom read (16 bytes read, 7 bits of entropy available)
[    8.740354] random: udevadm: uninitialized urandom read (16 bytes read, 7 bits of entropy available)
[    8.740397] random: udevadm: uninitialized urandom read (16 bytes read, 7 bits of entropy available)
[    9.045517] e1000: Intel(R) PRO/1000 Network Driver - version 7.3.21-k8-NAPI
[    9.065688] e1000: Copyright (c) 1999-2006 Intel Corporation.
[    9.083263] Fusion MPT base driver 3.04.20
[    9.095097] Copyright (c) 1999-2008 LSI Corporation
[    9.113208] Fusion MPT SPI Host driver 3.04.20
[    9.168581] AVX2 version of gcm_enc/dec engaged.
[    9.181781] AES CTR mode by8 optimization enabled
[    9.312747] input: ImExPS/2 Generic Explorer Mouse as /devices/platform/i8042/serio1/input/input4
[    9.692879] e1000 0000:00:03.0 eth0: (PCI:33MHz:32-bit) 02:e5:f9:b1:f5:c2
[    9.711682] e1000 0000:00:03.0 eth0: Intel(R) PRO/1000 Network Connection
[   10.089113] e1000 0000:00:08.0 eth1: (PCI:33MHz:32-bit) 08:00:27:3a:31:13
[   10.108161] e1000 0000:00:08.0 eth1: Intel(R) PRO/1000 Network Connection
[   10.128126] e1000 0000:00:03.0 enp0s3: renamed from eth0
[   10.143593] mptbase: ioc0: Initiating bringup
[   10.161967] e1000 0000:00:08.0 enp0s8: renamed from eth1
[   10.681341] ioc0: LSI53C1030 A0: Capabilities={Initiator}
[   10.858684] scsi host2: ioc0: LSI53C1030 A0, FwRev=00000000h, Ports=1, MaxQ=256, IRQ=20
[   11.077909] scsi 2:0:0:0: Direct-Access     VBOX     HARDDISK         1.0  PQ: 0 ANSI: 5
[   11.105669] scsi target2:0:0: Beginning Domain Validation
[   11.122175] scsi target2:0:0: Domain Validation skipping write tests
[   11.139854] scsi target2:0:0: Ending Domain Validation
[   11.167057] scsi target2:0:0: asynchronous
[   11.178950] scsi 2:0:1:0: Direct-Access     VBOX     HARDDISK         1.0  PQ: 0 ANSI: 5
[   11.201929] scsi target2:0:1: Beginning Domain Validation
[   11.218004] scsi target2:0:1: Domain Validation skipping write tests
[   11.236366] scsi target2:0:1: Ending Domain Validation
[   11.251371] scsi target2:0:1: asynchronous
[   11.294636] sd 2:0:0:0: [sda] 20971520 512-byte logical blocks: (10.7 GB/10.0 GiB)
[   11.315994] sd 2:0:0:0: Attached scsi generic sg0 type 0
[   11.332272] sd 2:0:0:0: [sda] Write Protect is off
[   11.332336] sd 2:0:1:0: Attached scsi generic sg1 type 0
[   11.346130] sd 2:0:1:0: [sdb] 20480 512-byte logical blocks: (10.5 MB/10.0 MiB)
[   11.346215] sd 2:0:1:0: [sdb] Write Protect is off
[   11.346286] sd 2:0:1:0: [sdb] Incomplete mode parameter data
[   11.346287] sd 2:0:1:0: [sdb] Assuming drive cache: write through
[   11.370596] sd 2:0:1:0: [sdb] Attached SCSI disk
[   11.475576] sd 2:0:0:0: [sda] Incomplete mode parameter data
[   11.501531] sd 2:0:0:0: [sda] Assuming drive cache: write through
[   11.524639]  sda: sda1
[   11.545062] sd 2:0:0:0: [sda] Attached SCSI disk
Begin: Loading essential drivers ... [   12.950637] md: linear personality registered for level -1
[   12.967794] md: multipath personality registered for level -4
[   12.986068] md: raid0 personality registered for level 0
[   13.003682] md: raid1 personality registered for level 1
[   13.090580] raid6: sse2x1   gen()  8409 MB/s
[   13.170428] raid6: sse2x1   xor()  7435 MB/s
[   13.249632] raid6: sse2x2   gen() 14683 MB/s
[   13.330399] raid6: sse2x2   xor()  8333 MB/s
[   13.417587] raid6: sse2x4   gen() 13668 MB/s
[   13.509258] raid6: sse2x4   xor()  6761 MB/s
[   13.586413] raid6: avx2x1   gen() 17541 MB/s
[   13.670284] raid6: avx2x2   gen() 25218 MB/s
[   13.753018] raid6: avx2x4   gen() 21373 MB/s
[   13.765122] raid6: using algorithm avx2x2 gen() 25218 MB/s
[   13.780398] raid6: using avx2x2 recovery algorithm
[   13.802935] xor: automatically using best checksumming function:
[   13.861405]    avx       : 14639.000 MB/sec
[   13.896224] async_tx: api initialized (async)
[   13.915195] md: raid6 personality registered for level 6
[   13.930169] md: raid5 personality registered for level 5
[   13.945021] md: raid4 personality registered for level 4
[   13.964270] md: raid10 personality registered for level 10
done.
Begin: Running /scripts/init-premount ... done.
Begin: Mounting root file system ... Begin: Running /scripts/local-top ... done.
Begin: Running /scripts/local-premount ... [   14.004973] Btrfs loaded
Scanning for Btrfs filesystems
done.
Warning: fsck not present, so skipping root file system
[   14.082137] EXT4-fs (sda1): mounted filesystem with ordered data mode. Opts: (null)
done.
Begin: Running /scripts/local-bottom ... done.
Begin: Running /scripts/init-bottom ... done.
[   14.746195] random: nonblocking pool is initialized
[   14.834023] systemd[1]: systemd 229 running in system mode. (+PAM +AUDIT +SELINUX +IMA +APPARMOR +SMACK +SYSVINIT +UTMP +LIBCRYPTSETUP +GCRYPT +GNUTLS +ACL +XZ -LZ4 +SECCOMP +BLKID +ELFUTILS +KMOD -IDN)
[   14.886534] systemd[1]: Detected virtualization oracle.
[   14.910257] systemd[1]: Detectedrchitecture x86-64.

Welcome to [1mUbuntu 16.04.6 LTS[0m!

[   15.062645] systemd[1]: Set hostname to <ubuntu>.
[   15.111245] systemd[1]: Initializing machine ID from random generator.
[   15.129752] systemd[1]: Installed transient /etc/machine-id file.
[   16.325483] systemd[1]: Started Forward Password Requests to Wall Directory Watch.
[[0;32m  OK  [0m] Started Forward Password Requests to Wall Directory Watch.
[   16.365988] systemd[1]: Listening on Journal Socket.
[[0;32m  OK  [0m] Listening on Journal Socket.
[   16.389413] systemd[1]: Reached target Swap.
[[0;32m  OK  [0m] Reached target Swap.
[   16.409729] systemd[1]: Set up automount Arbitrary Executable File Formats File System Automount Point.
[[0;32m  OK  [0m] Set up automount Arbitrary Executab...ats File System Automount Point.
[   16.445730] systemd[1]: Listening on Device-mapper event daemon FIFOs.
[[0;32m  OK  [0m] Listening on Device-mapper event daemon FIFOs.
[   16.474069] systemd[1]: Listening on Journal Audit Socket.
[[0;32m  OK  [0m] Listening on Journal Audit Socket.
[   16.497580] systemd[1]: Listening on Journal Socket (/dev/log).
[[0;32m  OK  [0m] Listening on Journal Socket (/dev/log).
[   16.521318] systemd[1]: Created slice System Slice.
[[0;32m  OK  [0m] Created slice System Slice.
[   16.557220] systemd[1]: Starting Uncomplicated firewall...
         Starting Uncomplicated firewall...
[   16.633666] systemd[1]: Mounting Huge Pages File System...
         Mounting Huge Pages File System...
[   16.694293] systemd[1]: Starting Load Kernel Modules...
         Starting Load Kernel Modules...
[   16.73850] systemd[1]: Created slice system-serial\x2dgetty.slice.
[[0;32m  OK  [0m] Created slice system-serial\x2dgetty.slice.
[   16.841684] systemd[1]: Starting Nameserver information manager...
[   16.866268] Loading iSCSI transport class v2.0-870.
         Starting Nameserver information manager...
[   16.885773] systemd[1]: Listening on udev Control Socket.
[[0;32m  OK  [0m] Listening on udev Control Socket.
[   16.914332] iscsi: registered transport (tcp)
[   16.926689] systemd[1]: Started Trigger resolvconf update for networkd DNS.
[[0;32m  OK  [0m] Started Trigger resolvconf update for networkd DNS.
[  16.958056] systemd[1]: Listening on udev Kernel Socket.
[[0;32m  OK  [0m] Listening on udev Kernel Socket.
[   17.027871] iscsi: registered transport (iser)
[   17.061398] systemd[1]: Mounting Debug File System...
         Mounting Debug File System...
[   17.085915] systemd[1]: Listening on Syslog Socket.
[[0;32m  OK  [0m] Listening on Syslog Socket.
[   17.121065] systemd[1]: Starting Journal Service...
         Starting Journal Service...
[   17.141761] systemd[1]: Listening on LVM2 poll daemon socket.
[[0;32m  OK  [0m] Listening on LVM2 poll daemon socket.
[   17.202115] systemd[1]: Listening on LVM2 metadata daemon socket.
[[0;32m  OK  [0m] Listening on LVM2 metadata daemon socket.
[   17.245237] systemd[1]: Starting Monitoring of LVM2 mirrors, snapshots etc. using dmeventd or progress polling...
         Starting Monitoring of LVM2 mirrors... dmeventd or progress polling...
[   17.353923] systemd[1]: Created slice User and Session Slice.
[[0;32m  OK  [0m] Created slice User and Session Slice.
[   17.389967] systemd[1]: Reached target Slices.
[[0;32m  OK  [0m] Reached target Slices.
[  17.425826] systemd[1]: Starting Remount Root and Kernel File Systems...
[   17.458434] EXT4-fs (sda1): re-mounted. Opts: (null)
         Starting Remount Root and Kernel File Systems...
[   17.497697] systemd[1]: Starting Set console keymap...
         Starting Set console keymap...
[   17.525523] systemd[1]: Listening on /dev/initctl Compatibility Named Pipe.
[[0;32m  OK  [0m] Listening on /dev/initctl Compatibility Named Pipe.
[   17.553266] systemd[1]: Reached target User and Group Name Lookups.
[[0;32m  OK  [0m] Reached target User and Group Name Lookups.
[   17.597975] systemd[1]: Mounting POSIX Message Queue File System...
         Mounting POSIX Message Queue File System...
[   17.633677] systemd[1]: Starting Create list of required static device nodes for the current kernel...
         Starting Create list of required st... nodes for the current kernel...
[   17.745785] systemd[1]: Reached target System Time Synchronized.
[[0;32m  OK  [0m] Reached target System Time Synchronized.
[   17.777173] systemd[1]: Reached target Encrypted Volumes.
[[0;32m  OK  [0m] Reached target Encrypted Volumes.
[   17.834615] systemd[1]: Mounted POSIX Message Queue File System.
[[0;32m  OK  [0m] Mounted POSIX Message Queue File System.
[   17.857307] systemd[1]: Mounted Debug File System.
[[0;32m  OK  [0m] Mounted Debug File System.
[   17.877826] systemd[1]: Mounted Huge Pages File System.
[[0;32m  OK  [0m] Mounted Huge Pages File System.
[   17.898058] systemd[1]: Started Journal Service.
[[0;32m  OK  [0m] Started Journal Service.
[[0;32m  OK  [0m] Started Uncomplicated firewall.
[[0;32m  OK  [0m] Started Load Kernel Modules.
[[0;32m  OK  [0m] Started Remount Root and Kernel File Systems.
[[0;32m  OK  [0m] Started Set console keymap.
[[0;32m  OK  [0m] Started Create list of required sta...ce nodes for the current kernel.
[[0;32m  OK  [0m] Started Nameserver information manager.
[[0;32m  OK  [0m] Started LVM2 metadata daemon.
         Starting Create Static Device Nodes in /dev...
         Starting udev Coldplug all Devices...
         Starting Load/Save Random Seed...
         Mounting FUSE Control File System...
         Starting Apply Kernel Variables...
         Starting Flush Journal to Persistent Storage...
[[0;32m  OK  [0m] Mounted FUSE Control File System.
[[0;32m  OK  [0m] Started Load/Save Random Seed.
[[0;32m  OK  [0m] Started Create Static Device Nodes in /dev.
[[0;32m  OK  [0m] Started Apply Kernel Variables.
[[0;32m  OK  [0m] Started udev Coldplug all Devices.
         Starting udev Kernel Device Manager...
[[0;32m  OK  [0m] Started Flush Journal to Persistent Storage.
[[0;32m  OK  [0m] Started udev Kernel Device Manager.
[[0;32m  OK  [0m] Started Dispatch Password Requests to Console Directory Watch.
[[0;32m  OK  [0m] Started Monitoring of LVM2 mirrors,...ng dmeventd or progress polling.
[[0;32m  OK  [0m] Reached target Local File Systems (Pre).
[[0;32m  OK  [0m] Reached target Local File Systems.
         Starting Create Volatile Files and Directories...
         Starting LSB: AppArmor initialization...
         Starting Commit a transient machine-id on disk...
         Starting Initial cloud-init job (pre-networking)...
         Starting Set console font and keymap...
         Starting Tell Plymouth To Write Out Runtime Data...
[[0;32m  OK  [0m] Started Create Volatile Files and Directories.
[[0;32m  OK  [0m] Started Commit a transient machine-id on disk.
[[0;32m  OK  [0m] Started Tell Plymouth To Write Out Runtime Data.
[[0;32m  OK  [0m] Found device /dev/ttyS0.
[[0;32m  OK  [0m] Listening on Load/Save RF Kill Switch Status /dev/rfkill Watch.
         Starting Update UTMP about System Boot/Shutdown...
[[0;32m  OK  [0m] Started Set console font and keymap.
[[0;32m  OK  [0m] Created slice system-getty.slice.
[[0;32m  OK  [0m] Started Update UTMP about System Boot/Shutdown.
[[0;32m  OK  [0m] Started LSB: AppArmor initialization.
         Starting Load AppArmor profiles managed internally by snapd...
[[0;32m  OK  [0m] Started Load AppArmor profiles managed internally by snapd.
[   19.988943] cloud-init[561]: Cloud-init v. 20.2-45-g5f7825e2-0ubuntu1~16.04.1 running 'init-local' at Tue, 04 Aug 2020 10:35:14 +0000. Up 19.59 seconds.
[[0;32m  OK  [0m] Started Initial cloud-init job (pre-networking).
[[0;32m  OK  [0m] Reached target Network (Pre).
         Starting Raise network interfaces...
[[0;32m  OK  [0m] Started Raise network interfaces.
[[0;32m  OK  [0m] Reached target Network.
         Starting Initial cloud-init job (metadata service crawler)...
[   22.107846] cloud-init[962]: Cloud-init v. 20.2-45-g5f7825e2-0ubuntu1~16.04.1 running 'init' at Tue, 04 Aug 2020 10:35:15 +0000. Up 20.57 seconds.
[   22.116876] cloud-init[962]: ci-info: ++++++++++++++++++++++++++++++++++++++Net device info+++++++++++++++++++++++++++++++++++++++
[   22.132509] cloud-init[962]: ci-info: +--------+-------+----------------------------+---------------+--------+-------------------+
[[   22.145338] [0;32m  OK  [0mcloud-init] [962]: Started Initial cloud-init job (metadata service crawler).ci-info: | Device |   Up  |          Address           |      Mask     | Scope  |     Hw-Address    |

[   22.145428] cloud-init[962]: ci-info: +--------+-------+----------------------------+---------------+--------+-------------------+
[   22.164667] cloud-init[962]: ci-info: | enp0s3 |  True |         10.0.2.15          | 255.255.255.0 | global | 02:e5:f9:b1:f5:c2 |
[   22.164842] cloud-init[962]: ci-info: | enp0s3 |  True | fe80::e5:f9ff:feb1:f5c2/64 |       .       |  link  | 02:e5:f9:b1:f5:c2 |
[[0;32m  OK  [0m] Reached target Cloud-config availability.
[[   22.164885] [0;32m  OK  [0mcloud-init] [962]: Reached target Network is Online.ci-info: | enp0s8 | False |             .              |       .       |   .    | 08:00:27:3a:31:13 |

         Starting iSCSI initiator daemon (iscsid)...
[[   22.185217] cloud-init[962]: ci-info: |   lo   |  True |         127.0.0.1          |   255.0.0.0   |  host  |         .         |
[0;32m  OK  [0m] Reached target System Initialization.
[   22.209490] [cloud-init[0;32m  OK  [0m[962]: ] ci-info: |   lo   |  True |          ::1/128           |       .       |  host  |         .         |Started Message of the Day.

[   22.216611] cloud-init[962]: ci-info: +--------+-------+----------------------------+---------------+--------+-------------------+
         Starting LXD - unix socket.
[[   22.248570] cloud-init[962]: ci-info: +++++++++++++++++++++++++++Route IPv4 info++++++++++++++++++++++++++++
[0;32m  OK  [0m] Listening on D-Bus System Message Bus Socket.
[[   22.257418] cloud-init[962]: ci-info: +-------+-------------+----------+---------------+-----------+-------+
[0;32m  OK  [0m] Started Daily Cleanup of Temporary Directories.
[[   22.265258] cloud-init[962]: ci-info: | Route | Destination | Gateway  |    Genmask    | Interface | Flags |
[0;32m  OK  [0m] Listening on ACPID Listen Socket.
[[   22.273029] cloud-init[962]: ci-info: +-------+-------------+----------+---------------+-----------+-------+
[0;32m  OK  [0m] Listening on UUID daemon activation socket.
[   22.284752] cloud-init[962]: ci-info: |   0   |   0.0.0.0   | 10.0.2.2 |    0.0.0.0    |   enp0s3  |   UG  |
[   22.301141]          cloud-initStarting Socket activation for snappy daemon.[962]: 
ci-info: |   1   |   10.0.2.0  | 0.0.0.0  | 255.255.255.0 |   enp0s3  |   U   |
[   22.301343] cloud-init[962]: ci-info: +-------+-------------+----------+---------------+-----------+-------+
[   22.324548] cloud-init[962]: ci-info: +++++++++++++++++++Route IPv6 info+++++++++++++++++++
[   22.324652] cloud-init[962]: ci-info: +-------+-------------+---------+-----------+-------+
[[0;32m  OK  [0m] Started ACPI Events Check.
[[   22.324718] cloud-init[962]: ci-info: | Route | Destination | Gateway | Interface | Flags |
[0;32m  OK  [0m] Reached target Paths.
[   22.763670] cloud-init[962]: ci-info: +-------+-------------+---------+-----------+-------+
[   22.785899] cloud-init[962]: ci-info: |   0   |  fe80::/64  |    ::   |   enp0s3  |   U   |
[[0;32m  OK  [0m] Started Daily apt download activities.
[[0;32m  OK  [0m] Started Daily apt upgrade and clean activities.
[   22.786267] cloud-init[962]: ci-info: |   3   |   ff00::/8  |    ::   |   enp0s3  |   U   |
[[0;32m  OK  [0m] Reached target Timers.
[   22.796786] cloud-init[962]: ci-info: +-------+-------------+---------+-----------+-------+
[   22.817009] cloud-init[962]: Generating public/private rsa key pair.
[   22.824930] cloud-init[962]: Your identification has been saved in /etc/ssh/ssh_host_rsa_key.
[   22.832648] cloud-init[962]: Your public key has been saved in /etc/ssh/ssh_host_rsa_key.pub.
[   22.832817] cloud-init[962]: The key fingerprint is:
[[0;32m  OK  [0m] Listening on LXD - unix socket.
[[0;32m  OK  [0m] Listening on Socket activation for snappy daemon.
[   22.832875] cloud-init[962]: SHA256:Sf4hxvH/eYCLGRRJrMqcXCAq3Ypy1C/Qp7GZqVad3LE root@ubuntu-xenial
[   22.880758] cloud-init[962]: The key's randomart image is:
[   22.880864] cloud-init[962]: +---[RSA 2048]----+
[[0;32m  OK  [0m] Started iSCSI initiator daemon (iscsid).
[   22.880929] cloud-init[962]: |         o..     |
[   22.896342] cloud-init[962]: |    . .   +      |
[   22.905222]          cloud-initStarting Login to default iSCSI targets...[962]: 
| . = . .o. .     |
[   22.912988] cloud-init[962]: |. = = .+++.      |
[   22.913096] cloud-init[962]: | + o / *S+o  .   |
[[0;32m  OK  [0m] Reached target Sockets.
[[0;32m  OK  [0m] Reached target Basic System.
[   22.913162] cloud-init[962]: |o o O @.Eo.o. .  |
[   22.956873] [cloud-init[0;32m  OK  [0m[962]: ] |.. o .    .+.. . |Started Deferred execution scheduler.

[   22.957100] cloud-init[962]: |  o       o .. ..|
[   22.989135]          cloud-initStarting System Logging Service...[962]: 
| .            o. |
[   23.020387] [cloud-init[0;32m  OK  [0m[962]: ] +----[SHA256]-----+Started ACPI event daemon.

[   23.136992] cloud-init[962]: Generating public/private dsa key pair.
[   23.137091] cloud-init[962]: Your identification has been saved in /etc/ssh/ssh_host_dsa_key.
[[0;32m  OK  [0m] Started FUSE filesystem for LXC.
[   23.137154] cloud-init[962]: Your public key has been saved in /etc/ssh/ssh_host_dsa_key.pub.
[   23.188832] cloud-init[962]: The key fingerprint is:
[   23.232652] cloud-init[962]: SHA256:vcBDNuXPMBjudyP1PvqZN0H0ACPrTCosQNVOh49VEMY root@ubuntu-xenial
[   23.232778] cloud-init[962]: The key's randomart image is:
[[0;32m  OK  [0m] Started D-Bus System Message Bus.
[   23.232838] cloud-init[962]: +---[DSA 1024]----+
[   23.388591] cloud-init[962]: |  .... o=++ o.   |
[   23.396499] cloud-init[962]: | .    +oE= o ... |
[   23.413043] cloud-init[962]: |  .  o =* * . ...|
         [   23.424863] Starting Accounts Service...cloud-init
[962]: |   . .o=.B * . ..|
[   23.424989] cloud-init[962]: |    . o S * = o  |
[   23.472598] cloud-init[962]: |     . . + + o . |
         [   23.524507] Starting Login Service...cloud-init
[962]: |          .   o .|
[   23.524647] cloud-init[962]: |             . =.|
[   23.592646]          cloud-initStarting LSB: MD monitoring daemon...[962]: 
|            ..+..|
[   23.604527] [cloud-init[0;32m  OK  [0m[962]: ] +----[SHA256]-----+Started Regular background program processing daemon.

[   23.604659] cloud-init[962]: Generating public/private ecdsa key pair.
[   23.668551] cloud-init[962]: Your identification has been saved in /etc/ssh/ssh_host_ecdsa_key.
         Starting LXD - container startup/shutdown...
[   23.680908] cloud-init[962]: Your public key has been saved in /etc/ssh/ssh_host_ecdsa_key.pub.
         Starting LSB: Record successful boot for GRUB...
[   23.860851] cloud-init[962]: The key fingerprint is:
         Starting Pollinate to seed the pseudo random number generator...
[   23.940865] cloud-init[962]: SHA256:eSthVzNu7+b4/XLXfR+AhqyttQrF9l5+sdhmwIMltmA root@ubuntu-xenial
[   24.204639] cloud-init[962]: The key's randomart image is:
[   24.204708] cloud-init[962]: +---[ECDSA 256]---+
         Starting Virtualbox guest utils...
[   24.204778] cloud-init[962]: |                 |
         Starting /etc/rc.local Compatibility...
[   24.417065] cloud-init[962]: |                 |
[   24.554677] cloud-init[962]: |            +    |
[   24.554759] cloud-init[962]: |      .E.+.+.o   |
         Starting Snap Daemon...
[   24.554824] cloud-init[962]: |      .+SoOoo.   |
[[0;32m  OK  [0m] Started System Logging Service.
[   24.917050] cloud-init[962]: |      o.+*.* o.  |
[   25.072979] cloud-init[962]: |     . ..+..= +.o|
[   25.073165] cloud-init[962]: |      . +.+. Oo.B|
[[0;32m  OK  [0m] Started /etc/rc.local Compatibility.
[   25.073213] cloud-init[962]: |       o.o .=++oO|
[   25.528823] cloud-init[962]: +----[SHA256]-----+
[   25.528951] cloud-init[962]: Generating public/private ed25519 key pair.
[[0;32m  OK  [0m] Started Login Service.
[   25.529008] cloud-init[962]: Your identification has been saved in /etc/ssh/ssh_host_ed25519_key.
[[0;32m  OK  [0m] Started LSB: MD monitoring daemon.
[   26.196063] cloud-init[962]: Your public key has been saved in /etc/ssh/ssh_host_ed25519_key.pub.
[   26.622233] cloud-init[962]: The key fingerprint is:
[[0;32m  OK  [0m] Started LSB: Record successful boot for GRUB.
[   26.686864] cloud-init[962]: SHA256:Xgof9bEMY2o82eVucMFmFigIfh4DtwDKoMh1YCY615A root@ubuntu-xenial
[   26.732487] cloud-init[962]: The key's randomart image is:
[   26.732693] cloud-init[962]: +--[ED25519 256]--+
[[0;32m  OK  [0m] Started Virtualbox guest utils.
[   26.732781] cloud-init[962]: |..oB=o..   ..    |
[   26.844912] [cloud-init[0;32m  OK  [0m[962]: ] |B.E+.+... .. .   |Started LXD - container startup/shutdown.

[[0;32m  OK  [0m] Started Unattended Upgrades Shutdown.
[   26.864783] cloud-init[962]: |*o. o =  .= O    |
[   26.980855] cloud-init[962]: | o   o + * @ +   |
[   26.980942] cloud-init[962]: |      o S + *    |
         Starting Authenticate and Authorize Users to Run Privileged Tasks...
[   26.981002] cloud-init[962]: |       = = +     |
[   27.121498] [cloud-init[0;32m  OK  [0m[962]: ] |        +   o    |Started Pollinate to seed the pseudo random number generator.

[[0;32m  OK  [0m] Started Login to default iSCSI targets.
[[0;32m  OK  [0m] Started Authenticate and Authorize Users to Run Privileged Tasks.
[[0;32m  OK  [0m] Started Accounts Service.
[   27.121717] [cloud-init[0;32m  OK  [0m[962]: ] |           .     |Reached target Remote File Systems (Pre).

[   27.372286] cloud-init[962]: |                 |
[   27.372406] cloud-init[962]: +----[SHA256]-----+
[[0;32m  OK  [0m] Reached target Remote File Systems.
         Starting Permit User Sessions...
         Starting LSB: automatic crash report generation...
         Starting LSB: daemon to balance interrupts for SMP systems...
         Starting LSB: Set the CPU Frequency Scaling governor to "ondemand"...
         Starting OpenBSD Secure Shell server...
[[0;32m  OK  [0m] Started Snap Daemon.
[[0;32m  OK  [0m] Started Permit User Sessions.
[[0;32m  OK  [0m] Started OpenBSD Secure Shell server.
         Starting Hold until boot process finishes up...
         Starting Terminate Plymouth Boot Screen...
         Starting Wait until snapd is fully seeded...
[[0;32m  OK  [0m] Started LSB: automatic crash report generation.
[[0;32m  OK  [0m] Started LSB: daemon to balance interrupts for SMP systems.
[[0;32m  OK  [0m] Started LSB: Set the CPU Frequency Scaling governor to "ondemand".
[[0;32m  OK  [0m] Started Hold until boot process finishes up.
[[0;32m  OK  [0m] Started Terminate Plymouth Boot Screen.
         Starting Set console scheme...
[[0;32m  OK  [0m] Started Serial Getty on ttyS0.
[[0;32m  OK  [0m] Started Getty on tty1.
[[0;32m  OK  [0m] Reached target Login Prompts.
[[0;32m  OK  [0m] Started Set console scheme.
[[0;32m  OK  [0m] Created slice User Slice of vagrant.
         Starting User Manager for UID 1000...
[[0;32m  OK  [0m] Started Session 1 of user vagrant.
[[0;32m  OK  [0m] Started User Manager for UID 1000.
[[0;32m  OK  [0m] Started Wait until snapd is fully seeded.
         Starting Apply the settings specified in cloud-config...
[[0;32m  OK  [0m] Reached target Multi-User System.
[[0;32m  OK  [0m] Reached target Graphical Interface.
         Starting Update UTMP about System Runlevel Changes...
[[0;32m  OK  [0m] Started Update UTMP about System Runlevel Changes.
[   29.495547] cloud-init[1332]: Generating locales (this might take a while)...
[   30.966117] cloud-init[1332]:   en_US.UTF-8... done
[   30.976431] cloud-init[1332]: Generation complete.
[   32.443338] cloud-init[1332]: Cloud-init v. 20.2-45-g5f7825e2-0ubuntu1~16.04.1 running 'modules:config' at Tue, 04 Aug 2020 10:35:24 +0000. Up 28.97 seconds.
[[0;32m  OK  [0m] Started Apply the settings specified in cloud-config.
         Starting Execute cloud user/final scripts...
ci-info: no authorized SSH keys fingerprints found for user ubuntu.
<14>Aug  4 10:35:28 ec2: 
<14>Aug  4 10:35:28 ec2: #############################################################
<14>Aug  4 10:35:28 ec2: -----BEGIN SSH HOST KEY FINGERPRINTS-----
<14>Aug  4 10:35:28 ec2: 1024 SHA256:vcBDNuXPMBjudyP1PvqZN0H0ACPrTCosQNVOh49VEMY root@ubuntu-xenial (DSA)
<14>Aug  4 10:35:28 ec2: 256 SHA256:eSthVzNu7+b4/XLXfR+AhqyttQrF9l5+sdhmwIMltmA root@ubuntu-xenial (ECDSA)
<14>Aug  4 10:35:28 ec2: 256 SHA256:Xgof9bEMY2o82eVucMFmFigIfh4DtwDKoMh1YCY615A root@ubuntu-xenial (ED25519)
<14>Aug  4 10:35:28 ec2: 2048 SHA256:Sf4hxvH/eYCLGRRJrMqcXCAq3Ypy1C/Qp7GZqVad3LE root@ubuntu-xenial (RSA)
<14>Aug  4 10:35:28 ec2: -----END SSH HOST KEY FINGERPRINTS-----
<14>Aug  4 10:35:28 ec2: #############################################################
-----BEGIN SSH HOST KEY KEYS-----
ecdsa-sha2-nistp256 AAAAE2VjZHNhLXNoYTItbmlzdHAyNTYAAAAIbmlzdHAyNTYAAABBBAzzStk5nSR+d+udbRwel1BrkeHu1M0jlaqiOCA//ht6m9d+hnhXWIMAvBJtTf8a1+llK9h2R8A6+379ms/i8pU= root@ubuntu-xenial
ssh-ed25519 AAAAC3NzaC1lZDI1NTE5AAAAIDJMwxw+K8BpFVoQK8WgTcq4cbSg8nxvUBtIHo9TpqjN root@ubuntu-xenial
ssh-rsa AAAAB3NzaC1yc2EAAAADAQABAAABAQDFbIBLsSk5LC554nyQt9810OFqpQ9ZOZ2QUmOwTdDuJ0VtxH9mEeuVbJI025Tv1mTzWKhlyVPLs5eec0fJUrEk/JTi3ZLVEmin8pLx2B6RicpxpQfrbHNuA02BYtKQh5ym2JXy3+CiT3WDUrEUZJs7sSJdWOO046fW5nzQ8a/ODz/AibOFUgL5t7ABP1WkUtjvdgtPMAYEh96F0C0Z/Hxv1rWvDoKAC/OCV7PnEMXRmdAphdkyS/Js4JSIo0keCw22u8WiyLnLR9LHY35/LmY9SAYjlNZtRzIsCJLxeewGvTg6yCwIV7S5IiCmb0ZU1Zzb8xw34VddN7WdPRWjFzCP root@ubuntu-xenial
-----END SSH HOST KEY KEYS-----
[   33.109995] cloud-init[1546]: Cloud-init v. 20.2-45-g5f7825e2-0ubuntu1~16.04.1 running 'modules:final' at Tue, 04 Aug 2020 10:35:27 +0000. Up 32.76 seconds.
[   33.121106] cloud-init[1546]: ci-info: no authorized SSH keys fingerprints found for user ubuntu.
[   33.128912] cloud-init[1546]: Cloud-init v. 20.2-45-g5f7825e2-0ubuntu1~16.04.1 finished at Tue, 04 Aug 2020 10:35:28 +0000. Datasource DataSourceNoCloud [seed=/dev/sdb][dsmode=net].  Up 33.09 seconds
[[0;32m  OK  [0m] Started Execute cloud user/final scripts.
[[0;32m  OK  [0m] Reached target Cloud-init target.

Ubuntu 16.04.6 LTS ubuntu-xenial ttyS0

ubuntu-xenial login: 